<?xml version="1.0" encoding="UTF-8"?>
<!-- Generated by org.testng.reporters.JUnitReportReporter -->
<testsuite skipped="0" hostname="DESKTOP-QE6D7HJ" name="tests.testHome" tests="6" failures="0" timestamp="23 abr 2018 17:19:33 GMT" time="66.321" errors="0">
  <testcase name="testLogin" time="7.466" classname="tests.testHome"/>
  <testcase name="testCategorias" time="0.326" classname="tests.testHome"/>
  <testcase name="testAddCart" time="24.494" classname="tests.testHome"/>
  <testcase name="testLogOut" time="16.893" classname="tests.testHome"/>
  <testcase name="testNossasLojas" time="8.757" classname="tests.testHome"/>
  <testcase name="testListaPresente" time="8.385" classname="tests.testHome"/>
</testsuite> <!-- tests.testHome -->
