<?xml version="1.0" encoding="UTF-8"?>
<!-- Generated by org.testng.reporters.JUnitReportReporter -->
<testsuite skipped="0" hostname="DESKTOP-QE6D7HJ" name="tests.testHome" tests="6" failures="0" timestamp="24 abr 2018 20:35:42 GMT" time="69.659" errors="0">
  <testcase name="testHomePage" time="0.550" classname="tests.testHome"/>
  <testcase name="testListaPresente" time="8.588" classname="tests.testHome"/>
  <testcase name="testNossasLojas" time="5.826" classname="tests.testHome"/>
  <testcase name="testLogin" time="12.177" classname="tests.testHome"/>
  <testcase name="testCarrinho" time="27.883" classname="tests.testHome"/>
  <testcase name="testLogOut" time="14.635" classname="tests.testHome"/>
</testsuite> <!-- tests.testHome -->
