<?xml version="1.0" encoding="UTF-8"?>
<!-- Generated by org.testng.reporters.JUnitReportReporter -->
<testsuite skipped="0" hostname="DESKTOP-QE6D7HJ" name="tests.LoginTest" tests="1" failures="0" timestamp="15 mai 2018 14:31:53 GMT" time="13.480" errors="0">
  <testcase name="loginTest" time="13.480" classname="tests.LoginTest"/>
</testsuite> <!-- tests.LoginTest -->
