<?xml version="1.0" encoding="UTF-8"?>
<!-- Generated by org.testng.reporters.JUnitReportReporter -->
<testsuite skipped="0" hostname="DESKTOP-QE6D7HJ" name="tests.testHome" tests="6" failures="0" timestamp="24 abr 2018 18:41:49 GMT" time="89.366" errors="0">
  <testcase name="testHomePage" time="0.670" classname="tests.testHome"/>
  <testcase name="testListaPresente" time="5.717" classname="tests.testHome"/>
  <testcase name="testNossasLojas" time="6.810" classname="tests.testHome"/>
  <testcase name="testLogin" time="12.161" classname="tests.testHome"/>
  <testcase name="testCarrinho" time="26.759" classname="tests.testHome"/>
  <testcase name="testLogOut" time="37.249" classname="tests.testHome"/>
</testsuite> <!-- tests.testHome -->
