<?xml version="1.0" encoding="UTF-8"?>
<!-- Generated by org.testng.reporters.JUnitReportReporter -->
<testsuite skipped="0" hostname="DESKTOP-QE6D7HJ" name="tests.testHome" tests="6" failures="0" timestamp="25 abr 2018 14:13:04 GMT" time="87.641" errors="0">
  <testcase name="testHomePage" time="0.714" classname="tests.testHome"/>
  <testcase name="testListaPresente" time="7.400" classname="tests.testHome"/>
  <testcase name="testNossasLojas" time="6.508" classname="tests.testHome"/>
  <testcase name="testLogin" time="16.489" classname="tests.testHome"/>
  <testcase name="testCarrinho" time="39.091" classname="tests.testHome"/>
  <testcase name="testLogOut" time="17.439" classname="tests.testHome"/>
</testsuite> <!-- tests.testHome -->
