<?xml version="1.0" encoding="UTF-8"?>
<!-- Generated by org.testng.reporters.JUnitReportReporter -->
<testsuite skipped="0" hostname="DESKTOP-QE6D7HJ" name="tests.CarrinhoTest" tests="1" failures="0" timestamp="15 mai 2018 14:39:19 GMT" time="71.802" errors="0">
  <testcase name="carrinhoTest" time="71.802" classname="tests.CarrinhoTest"/>
</testsuite> <!-- tests.CarrinhoTest -->
