<?xml version="1.0" encoding="UTF-8"?>
<!-- Generated by org.testng.reporters.JUnitReportReporter -->
<testsuite skipped="0" hostname="DESKTOP-QE6D7HJ" name="tests.testHome" tests="6" failures="0" timestamp="24 abr 2018 20:55:09 GMT" time="77.273" errors="0">
  <testcase name="testHomePage" time="0.335" classname="tests.testHome"/>
  <testcase name="testListaPresente" time="6.666" classname="tests.testHome"/>
  <testcase name="testNossasLojas" time="6.795" classname="tests.testHome"/>
  <testcase name="testLogin" time="16.662" classname="tests.testHome"/>
  <testcase name="testCarrinho" time="28.756" classname="tests.testHome"/>
  <testcase name="testLogOut" time="18.059" classname="tests.testHome"/>
</testsuite> <!-- tests.testHome -->
