<?xml version="1.0" encoding="UTF-8"?>
<!-- Generated by org.testng.reporters.JUnitReportReporter -->
<testsuite skipped="0" hostname="DESKTOP-QE6D7HJ" name="tests.HomePage_Test" tests="1" failures="0" timestamp="16 mai 2018 14:06:00 GMT" time="6.941" errors="0">
  <testcase name="homePageTest" time="6.941" classname="tests.HomePage_Test"/>
</testsuite> <!-- tests.HomePage_Test -->
