<?xml version="1.0" encoding="UTF-8"?>
<!-- Generated by org.testng.reporters.JUnitReportReporter -->
<testsuite skipped="0" hostname="DESKTOP-QE6D7HJ" name="tests.Carrinho_Test" tests="1" failures="0" timestamp="11 jun 2018 14:14:22 GMT" time="60.784" errors="0">
  <testcase name="carrinhoTest" time="60.784" classname="tests.Carrinho_Test"/>
</testsuite> <!-- tests.Carrinho_Test -->
