<?xml version="1.0" encoding="UTF-8"?>
<!-- Generated by org.testng.reporters.JUnitReportReporter -->
<testsuite skipped="0" hostname="DESKTOP-QE6D7HJ" name="tests.Carrinho_Test" tests="1" failures="0" timestamp="16 mai 2018 20:14:32 GMT" time="40.361" errors="0">
  <testcase name="carrinhoTest" time="40.361" classname="tests.Carrinho_Test"/>
</testsuite> <!-- tests.Carrinho_Test -->
