<?xml version="1.0" encoding="UTF-8"?>
<!-- Generated by org.testng.reporters.JUnitReportReporter -->
<testsuite skipped="0" hostname="DESKTOP-QE6D7HJ" name="tests.ListaPresenteTest" tests="1" failures="0" timestamp="15 mai 2018 14:31:00 GMT" time="7.486" errors="0">
  <testcase name="listaPresenteTest" time="7.486" classname="tests.ListaPresenteTest"/>
</testsuite> <!-- tests.ListaPresenteTest -->
