<?xml version="1.0" encoding="UTF-8"?>
<!-- Generated by org.testng.reporters.JUnitReportReporter -->
<testsuite skipped="0" hostname="DESKTOP-QE6D7HJ" name="tests.Login_Test" tests="1" failures="0" timestamp="16 mai 2018 13:54:11 GMT" time="9.666" errors="0">
  <testcase name="loginTest" time="9.666" classname="tests.Login_Test"/>
</testsuite> <!-- tests.Login_Test -->
