<?xml version="1.0" encoding="UTF-8"?>
<!-- Generated by org.testng.reporters.JUnitReportReporter -->
<testsuite skipped="0" hostname="DESKTOP-QE6D7HJ" name="tests.testHome" tests="3" failures="0" timestamp="05 abr 2018 14:23:46 GMT" time="42.170" errors="0">
  <testcase name="testLogin" time="7.732" classname="tests.testHome"/>
  <testcase name="testCategorias" time="0.334" classname="tests.testHome"/>
  <testcase name="testLogOut" time="34.104" classname="tests.testHome"/>
</testsuite> <!-- tests.testHome -->
