<?xml version="1.0" encoding="UTF-8"?>
<!-- Generated by org.testng.reporters.JUnitReportReporter -->
<testsuite skipped="0" hostname="DESKTOP-QE6D7HJ" name="tests.ListaPresente_Test" tests="1" failures="0" timestamp="11 jun 2018 14:14:22 GMT" time="8.449" errors="0">
  <testcase name="listaPresenteTest" time="8.449" classname="tests.ListaPresente_Test"/>
</testsuite> <!-- tests.ListaPresente_Test -->
