<?xml version="1.0" encoding="UTF-8"?>
<!-- Generated by org.testng.reporters.JUnitReportReporter -->
<testsuite skipped="0" hostname="DESKTOP-QE6D7HJ" name="tests.NossasLojas_Test" tests="1" failures="0" timestamp="11 jun 2018 14:14:22 GMT" time="7.197" errors="0">
  <testcase name="nossasLojasTest" time="7.197" classname="tests.NossasLojas_Test"/>
</testsuite> <!-- tests.NossasLojas_Test -->
