<?xml version="1.0" encoding="UTF-8"?>
<!-- Generated by org.testng.reporters.JUnitReportReporter -->
<testsuite skipped="0" hostname="DESKTOP-QE6D7HJ" name="tests.TestEtna" tests="6" failures="0" timestamp="08 mai 2018 13:27:34 GMT" time="84.907" errors="0">
  <testcase name="testHomePage" time="5.131" classname="tests.TestEtna"/>
  <testcase name="testListaPresente" time="8.116" classname="tests.TestEtna"/>
  <testcase name="testNossasLojas" time="6.635" classname="tests.TestEtna"/>
  <testcase name="testLogin" time="13.364" classname="tests.TestEtna"/>
  <testcase name="testCarrinho" time="36.236" classname="tests.TestEtna"/>
  <testcase name="testLogOut" time="15.425" classname="tests.TestEtna"/>
</testsuite> <!-- tests.TestEtna -->
