<?xml version="1.0" encoding="UTF-8"?>
<!-- Generated by org.testng.reporters.JUnitReportReporter -->
<testsuite skipped="0" hostname="DESKTOP-QE6D7HJ" name="tests.testHome" tests="6" failures="0" timestamp="25 abr 2018 13:58:52 GMT" time="67.847" errors="0">
  <testcase name="testHomePage" time="0.355" classname="tests.testHome"/>
  <testcase name="testListaPresente" time="5.507" classname="tests.testHome"/>
  <testcase name="testNossasLojas" time="5.739" classname="tests.testHome"/>
  <testcase name="testLogin" time="13.623" classname="tests.testHome"/>
  <testcase name="testCarrinho" time="27.415" classname="tests.testHome"/>
  <testcase name="testLogOut" time="15.208" classname="tests.testHome"/>
</testsuite> <!-- tests.testHome -->
