<?xml version="1.0" encoding="UTF-8"?>
<!-- Generated by org.testng.reporters.JUnitReportReporter -->
<testsuite skipped="0" hostname="DESKTOP-QE6D7HJ" name="tests.testHome" tests="4" failures="0" timestamp="17 abr 2018 18:35:24 GMT" time="79.067" errors="0">
  <testcase name="testLogin" time="9.032" classname="tests.testHome"/>
  <testcase name="testCategorias" time="0.510" classname="tests.testHome"/>
  <testcase name="testAddCart" time="52.786" classname="tests.testHome"/>
  <testcase name="testLogOut" time="16.739" classname="tests.testHome"/>
</testsuite> <!-- tests.testHome -->
