<?xml version="1.0" encoding="UTF-8"?>
<!-- Generated by org.testng.reporters.JUnitReportReporter -->
<testsuite skipped="0" hostname="DESKTOP-QE6D7HJ" name="tests.ListaPresente_Test" tests="1" failures="0" timestamp="16 mai 2018 13:54:11 GMT" time="8.628" errors="0">
  <testcase name="listaPresenteTest" time="8.628" classname="tests.ListaPresente_Test"/>
</testsuite> <!-- tests.ListaPresente_Test -->
