<?xml version="1.0" encoding="UTF-8"?>
<!-- Generated by org.testng.reporters.JUnitReportReporter -->
<testsuite skipped="0" hostname="DESKTOP-QE6D7HJ" name="tests.testHome" tests="6" failures="0" timestamp="25 abr 2018 13:45:05 GMT" time="107.807" errors="0">
  <testcase name="testHomePage" time="0.555" classname="tests.testHome"/>
  <testcase name="testListaPresente" time="6.131" classname="tests.testHome"/>
  <testcase name="testNossasLojas" time="8.104" classname="tests.testHome"/>
  <testcase name="testLogin" time="16.691" classname="tests.testHome"/>
  <testcase name="testCarrinho" time="60.007" classname="tests.testHome"/>
  <testcase name="testLogOut" time="16.319" classname="tests.testHome"/>
</testsuite> <!-- tests.testHome -->
