<?xml version="1.0" encoding="UTF-8"?>
<!-- Generated by org.testng.reporters.JUnitReportReporter -->
<testsuite skipped="0" hostname="DESKTOP-QE6D7HJ" name="tests.testHome" tests="3" failures="0" timestamp="06 abr 2018 20:45:31 GMT" time="22.513" errors="0">
  <testcase name="testLogin" time="7.904" classname="tests.testHome"/>
  <testcase name="testCategorias" time="0.549" classname="tests.testHome"/>
  <testcase name="testAddCart" time="14.060" classname="tests.testHome"/>
</testsuite> <!-- tests.testHome -->
