<?xml version="1.0" encoding="UTF-8"?>
<!-- Generated by org.testng.reporters.JUnitReportReporter -->
<testsuite skipped="0" hostname="DESKTOP-QE6D7HJ" name="tests.testHome" tests="6" failures="0" timestamp="25 abr 2018 13:55:34 GMT" time="101.123" errors="0">
  <testcase name="testHomePage" time="0.373" classname="tests.testHome"/>
  <testcase name="testListaPresente" time="5.866" classname="tests.testHome"/>
  <testcase name="testNossasLojas" time="5.951" classname="tests.testHome"/>
  <testcase name="testLogin" time="12.835" classname="tests.testHome"/>
  <testcase name="testCarrinho" time="60.529" classname="tests.testHome"/>
  <testcase name="testLogOut" time="15.569" classname="tests.testHome"/>
</testsuite> <!-- tests.testHome -->
