<?xml version="1.0" encoding="UTF-8"?>
<!-- Generated by org.testng.reporters.JUnitReportReporter -->
<testsuite skipped="0" hostname="DESKTOP-QE6D7HJ" name="tests.testHome" tests="6" failures="0" timestamp="25 abr 2018 14:39:48 GMT" time="76.859" errors="0">
  <testcase name="testHomePage" time="0.403" classname="tests.testHome"/>
  <testcase name="testListaPresente" time="6.499" classname="tests.testHome"/>
  <testcase name="testNossasLojas" time="6.814" classname="tests.testHome"/>
  <testcase name="testLogin" time="14.818" classname="tests.testHome"/>
  <testcase name="testCarrinho" time="32.015" classname="tests.testHome"/>
  <testcase name="testLogOut" time="16.310" classname="tests.testHome"/>
</testsuite> <!-- tests.testHome -->
