<?xml version="1.0" encoding="UTF-8"?>
<!-- Generated by org.testng.reporters.JUnitReportReporter -->
<testsuite skipped="0" hostname="DESKTOP-QE6D7HJ" name="tests.testEtna" tests="6" failures="0" timestamp="26 abr 2018 18:03:17 GMT" time="178.512" errors="0">
  <testcase name="testHomePage" time="5.737" classname="tests.testEtna"/>
  <testcase name="testListaPresente" time="29.417" classname="tests.testEtna"/>
  <testcase name="testNossasLojas" time="27.541" classname="tests.testEtna"/>
  <testcase name="testLogin" time="42.764" classname="tests.testEtna"/>
  <testcase name="testCarrinho" time="43.934" classname="tests.testEtna"/>
  <testcase name="testLogOut" time="29.119" classname="tests.testEtna"/>
</testsuite> <!-- tests.testEtna -->
