<?xml version="1.0" encoding="UTF-8"?>
<!-- Generated by org.testng.reporters.JUnitReportReporter -->
<testsuite skipped="0" hostname="DESKTOP-QE6D7HJ" name="tests.testHome" tests="6" failures="0" timestamp="25 abr 2018 18:26:04 GMT" time="75.497" errors="0">
  <testcase name="testHomePage" time="5.377" classname="tests.testHome"/>
  <testcase name="testListaPresente" time="7.264" classname="tests.testHome"/>
  <testcase name="testNossasLojas" time="6.904" classname="tests.testHome"/>
  <testcase name="testLogin" time="13.481" classname="tests.testHome"/>
  <testcase name="testCarrinho" time="26.768" classname="tests.testHome"/>
  <testcase name="testLogOut" time="15.703" classname="tests.testHome"/>
</testsuite> <!-- tests.testHome -->
