<?xml version="1.0" encoding="UTF-8"?>
<!-- Generated by org.testng.reporters.JUnitReportReporter -->
<testsuite skipped="0" hostname="DESKTOP-QE6D7HJ" name="tests.testHome" tests="6" failures="0" timestamp="25 abr 2018 13:51:11 GMT" time="91.011" errors="0">
  <testcase name="testHomePage" time="0.376" classname="tests.testHome"/>
  <testcase name="testListaPresente" time="26.857" classname="tests.testHome"/>
  <testcase name="testNossasLojas" time="6.003" classname="tests.testHome"/>
  <testcase name="testLogin" time="12.943" classname="tests.testHome"/>
  <testcase name="testCarrinho" time="29.039" classname="tests.testHome"/>
  <testcase name="testLogOut" time="15.793" classname="tests.testHome"/>
</testsuite> <!-- tests.testHome -->
