<?xml version="1.0" encoding="UTF-8"?>
<!-- Generated by org.testng.reporters.JUnitReportReporter -->
<testsuite skipped="0" hostname="DESKTOP-QE6D7HJ" name="tests.testHome" tests="6" failures="0" timestamp="26 abr 2018 14:19:08 GMT" time="291.905" errors="0">
  <testcase name="testHomePage" time="5.362" classname="tests.testHome"/>
  <testcase name="testListaPresente" time="8.004" classname="tests.testHome"/>
  <testcase name="testNossasLojas" time="16.707" classname="tests.testHome"/>
  <testcase name="testLogin" time="46.957" classname="tests.testHome"/>
  <testcase name="testCarrinho" time="128.059" classname="tests.testHome"/>
  <testcase name="testLogOut" time="86.816" classname="tests.testHome"/>
</testsuite> <!-- tests.testHome -->
