<?xml version="1.0" encoding="UTF-8"?>
<!-- Generated by org.testng.reporters.JUnitReportReporter -->
<testsuite skipped="1" hostname="DESKTOP-QE6D7HJ" name="tests.NossasLojasTest" tests="1" failures="0" timestamp="16 mai 2018 12:35:42 GMT" time="0.000" errors="0">
  <testcase name="nossasLojasTest" time="0.000" classname="tests.NossasLojasTest">
    <skipped/>
  </testcase> <!-- nossasLojasTest -->
</testsuite> <!-- tests.NossasLojasTest -->
