<?xml version="1.0" encoding="UTF-8"?>
<!-- Generated by org.testng.reporters.JUnitReportReporter -->
<testsuite skipped="0" hostname="DESKTOP-QE6D7HJ" name="tests.testHome" tests="6" failures="0" timestamp="25 abr 2018 14:47:40 GMT" time="97.853" errors="0">
  <testcase name="testHomePage" time="0.406" classname="tests.testHome"/>
  <testcase name="testListaPresente" time="5.627" classname="tests.testHome"/>
  <testcase name="testNossasLojas" time="5.790" classname="tests.testHome"/>
  <testcase name="testLogin" time="15.228" classname="tests.testHome"/>
  <testcase name="testCarrinho" time="56.686" classname="tests.testHome"/>
  <testcase name="testLogOut" time="14.116" classname="tests.testHome"/>
</testsuite> <!-- tests.testHome -->
