<?xml version="1.0" encoding="UTF-8"?>
<!-- Generated by org.testng.reporters.JUnitReportReporter -->
<testsuite skipped="0" hostname="DESKTOP-QE6D7HJ" name="tests.HomePageTest" tests="1" failures="0" timestamp="16 mai 2018 12:35:42 GMT" time="5.351" errors="0">
  <testcase name="homePageTest" time="5.351" classname="tests.HomePageTest"/>
</testsuite> <!-- tests.HomePageTest -->
