<?xml version="1.0" encoding="UTF-8"?>
<!-- Generated by org.testng.reporters.JUnitReportReporter -->
<testsuite skipped="0" hostname="DESKTOP-QE6D7HJ" name="tests.testHome" tests="4" failures="0" timestamp="05 abr 2018 21:23:40 GMT" time="41.906" errors="0">
  <testcase name="testLogin" time="6.624" classname="tests.testHome"/>
  <testcase name="testCategorias" time="0.330" classname="tests.testHome"/>
  <testcase name="testAddCart" time="27.819" classname="tests.testHome"/>
  <testcase name="testLogOut" time="7.133" classname="tests.testHome"/>
</testsuite> <!-- tests.testHome -->
