<?xml version="1.0" encoding="UTF-8"?>
<!-- Generated by org.testng.reporters.JUnitReportReporter -->
<testsuite skipped="0" hostname="DESKTOP-QE6D7HJ" name="tests.testHome" tests="6" failures="0" timestamp="26 abr 2018 17:06:04 GMT" time="112.375" errors="0">
  <testcase name="testHomePage" time="5.099" classname="tests.testHome"/>
  <testcase name="testListaPresente" time="13.592" classname="tests.testHome"/>
  <testcase name="testNossasLojas" time="7.230" classname="tests.testHome"/>
  <testcase name="testLogin" time="28.919" classname="tests.testHome"/>
  <testcase name="testCarrinho" time="36.029" classname="tests.testHome"/>
  <testcase name="testLogOut" time="21.506" classname="tests.testHome"/>
</testsuite> <!-- tests.testHome -->
