<?xml version="1.0" encoding="UTF-8"?>
<!-- Generated by org.testng.reporters.JUnitReportReporter -->
<testsuite skipped="0" hostname="DESKTOP-QE6D7HJ" name="tests.testHome" tests="6" failures="0" timestamp="25 abr 2018 19:13:18 GMT" time="106.620" errors="0">
  <testcase name="testHomePage" time="5.284" classname="tests.testHome"/>
  <testcase name="testListaPresente" time="29.212" classname="tests.testHome"/>
  <testcase name="testNossasLojas" time="7.606" classname="tests.testHome"/>
  <testcase name="testLogin" time="15.900" classname="tests.testHome"/>
  <testcase name="testCarrinho" time="31.011" classname="tests.testHome"/>
  <testcase name="testLogOut" time="17.607" classname="tests.testHome"/>
</testsuite> <!-- tests.testHome -->
