<?xml version="1.0" encoding="UTF-8"?>
<!-- Generated by org.testng.reporters.JUnitReportReporter -->
<testsuite skipped="0" hostname="DESKTOP-QE6D7HJ" name="tests.testHome" tests="6" failures="0" timestamp="25 abr 2018 13:38:09 GMT" time="73.870" errors="0">
  <testcase name="testHomePage" time="0.369" classname="tests.testHome"/>
  <testcase name="testListaPresente" time="6.769" classname="tests.testHome"/>
  <testcase name="testNossasLojas" time="6.245" classname="tests.testHome"/>
  <testcase name="testLogin" time="12.290" classname="tests.testHome"/>
  <testcase name="testCarrinho" time="32.045" classname="tests.testHome"/>
  <testcase name="testLogOut" time="16.152" classname="tests.testHome"/>
</testsuite> <!-- tests.testHome -->
