<?xml version="1.0" encoding="UTF-8"?>
<!-- Generated by org.testng.reporters.JUnitReportReporter -->
<testsuite skipped="0" hostname="DESKTOP-QE6D7HJ" name="tests.testHome" tests="2" failures="0" timestamp="03 abr 2018 16:43:48 GMT" time="5.701" errors="0">
  <testcase name="testLogin" time="5.362" classname="tests.testHome"/>
  <testcase name="testCategorias" time="0.339" classname="tests.testHome"/>
</testsuite> <!-- tests.testHome -->
