<?xml version="1.0" encoding="UTF-8"?>
<!-- Generated by org.testng.reporters.JUnitReportReporter -->
<testsuite skipped="0" hostname="DESKTOP-QE6D7HJ" name="tests.NossasLojas_Test" tests="1" failures="0" timestamp="16 mai 2018 14:06:00 GMT" time="17.179" errors="0">
  <testcase name="nossasLojasTest" time="17.179" classname="tests.NossasLojas_Test"/>
</testsuite> <!-- tests.NossasLojas_Test -->
