<?xml version="1.0" encoding="UTF-8"?>
<!-- Generated by org.testng.reporters.JUnitReportReporter -->
<testsuite skipped="0" hostname="DESKTOP-QE6D7HJ" name="tests.testEtna" tests="6" failures="0" timestamp="30 abr 2018 16:30:14 GMT" time="81.687" errors="0">
  <testcase name="testHomePage" time="5.300" classname="tests.testEtna"/>
  <testcase name="testListaPresente" time="8.043" classname="tests.testEtna"/>
  <testcase name="testNossasLojas" time="6.411" classname="tests.testEtna"/>
  <testcase name="testLogin" time="14.314" classname="tests.testEtna"/>
  <testcase name="testCarrinho" time="32.970" classname="tests.testEtna"/>
  <testcase name="testLogOut" time="14.649" classname="tests.testEtna"/>
</testsuite> <!-- tests.testEtna -->
