<?xml version="1.0" encoding="UTF-8"?>
<!-- Generated by org.testng.reporters.JUnitReportReporter -->
<testsuite skipped="0" hostname="DESKTOP-QE6D7HJ" name="tests.testHome" tests="6" failures="0" timestamp="25 abr 2018 17:58:59 GMT" time="81.671" errors="0">
  <testcase name="testHomePage" time="5.199" classname="tests.testHome"/>
  <testcase name="testListaPresente" time="6.194" classname="tests.testHome"/>
  <testcase name="testNossasLojas" time="6.753" classname="tests.testHome"/>
  <testcase name="testLogin" time="14.933" classname="tests.testHome"/>
  <testcase name="testCarrinho" time="32.120" classname="tests.testHome"/>
  <testcase name="testLogOut" time="16.472" classname="tests.testHome"/>
</testsuite> <!-- tests.testHome -->
