<?xml version="1.0" encoding="UTF-8"?>
<!-- Generated by org.testng.reporters.JUnitReportReporter -->
<testsuite skipped="0" hostname="DESKTOP-QE6D7HJ" name="tests.testHome" tests="6" failures="0" timestamp="25 abr 2018 14:16:48 GMT" time="112.610" errors="0">
  <testcase name="testHomePage" time="0.407" classname="tests.testHome"/>
  <testcase name="testListaPresente" time="8.215" classname="tests.testHome"/>
  <testcase name="testNossasLojas" time="7.981" classname="tests.testHome"/>
  <testcase name="testLogin" time="15.664" classname="tests.testHome"/>
  <testcase name="testCarrinho" time="60.966" classname="tests.testHome"/>
  <testcase name="testLogOut" time="19.377" classname="tests.testHome"/>
</testsuite> <!-- tests.testHome -->
