<?xml version="1.0" encoding="UTF-8"?>
<!-- Generated by org.testng.reporters.JUnitReportReporter -->
<testsuite skipped="0" hostname="DESKTOP-QE6D7HJ" name="tests.testHome" tests="5" failures="0" timestamp="20 abr 2018 20:32:28 GMT" time="56.542" errors="0">
  <testcase name="testLogin" time="7.371" classname="tests.testHome"/>
  <testcase name="testCategorias" time="0.335" classname="tests.testHome"/>
  <testcase name="testAddCart" time="26.359" classname="tests.testHome"/>
  <testcase name="testLogOut" time="17.962" classname="tests.testHome"/>
  <testcase name="testNossasLojas" time="4.515" classname="tests.testHome"/>
</testsuite> <!-- tests.testHome -->
