<?xml version="1.0" encoding="UTF-8"?>
<!-- Generated by org.testng.reporters.JUnitReportReporter -->
<testsuite skipped="0" hostname="DESKTOP-QE6D7HJ" name="tests.testHome" tests="2" failures="0" timestamp="26 mar 2018 18:51:52 GMT" time="5.972" errors="0">
  <testcase name="testLogin" time="5.626" classname="tests.testHome"/>
  <testcase name="testCategorias" time="0.346" classname="tests.testHome"/>
</testsuite> <!-- tests.testHome -->
