<?xml version="1.0" encoding="UTF-8"?>
<!-- Generated by org.testng.reporters.JUnitReportReporter -->
<testsuite skipped="0" hostname="DESKTOP-QE6D7HJ" name="tests.testHome" tests="6" failures="0" timestamp="26 abr 2018 17:33:44 GMT" time="126.927" errors="0">
  <testcase name="testHomePage" time="5.344" classname="tests.testHome"/>
  <testcase name="testListaPresente" time="12.091" classname="tests.testHome"/>
  <testcase name="testNossasLojas" time="8.409" classname="tests.testHome"/>
  <testcase name="testLogin" time="34.839" classname="tests.testHome"/>
  <testcase name="testCarrinho" time="51.045" classname="tests.testHome"/>
  <testcase name="testLogOut" time="15.199" classname="tests.testHome"/>
</testsuite> <!-- tests.testHome -->
