<?xml version="1.0" encoding="UTF-8"?>
<!-- Generated by org.testng.reporters.JUnitReportReporter -->
<testsuite skipped="0" hostname="DESKTOP-QE6D7HJ" name="tests.testHome" tests="2" failures="0" timestamp="26 mar 2018 19:54:13 GMT" time="6.167" errors="0">
  <testcase name="testLogin" time="5.536" classname="tests.testHome"/>
  <testcase name="testCategorias" time="0.631" classname="tests.testHome"/>
</testsuite> <!-- tests.testHome -->
