<?xml version="1.0" encoding="UTF-8"?>
<!-- Generated by org.testng.reporters.JUnitReportReporter -->
<testsuite skipped="0" hostname="DESKTOP-QE6D7HJ" name="tests.testHome" tests="3" failures="0" timestamp="05 abr 2018 21:14:43 GMT" time="58.396" errors="0">
  <testcase name="testLogin" time="19.676" classname="tests.testHome"/>
  <testcase name="testCategorias" time="0.356" classname="tests.testHome"/>
  <testcase name="testAddCart" time="38.364" classname="tests.testHome"/>
</testsuite> <!-- tests.testHome -->
