<?xml version="1.0" encoding="UTF-8"?>
<!-- Generated by org.testng.reporters.JUnitReportReporter -->
<testsuite skipped="0" hostname="DESKTOP-QE6D7HJ" name="tests.HomePageTest" tests="1" failures="0" timestamp="15 mai 2018 17:38:20 GMT" time="5.197" errors="0">
  <testcase name="homePageTest" time="5.197" classname="tests.HomePageTest"/>
</testsuite> <!-- tests.HomePageTest -->
