<?xml version="1.0" encoding="UTF-8"?>
<!-- Generated by org.testng.reporters.JUnitReportReporter -->
<testsuite skipped="0" hostname="DESKTOP-QE6D7HJ" name="tests.Login_Test" tests="1" failures="0" timestamp="18 mai 2018 19:05:36 GMT" time="15.360" errors="0">
  <testcase name="loginTest" time="15.360" classname="tests.Login_Test"/>
</testsuite> <!-- tests.Login_Test -->
