<?xml version="1.0" encoding="UTF-8"?>
<!-- Generated by org.testng.reporters.JUnitReportReporter -->
<testsuite skipped="0" hostname="DESKTOP-QE6D7HJ" name="tests.testHome" tests="4" failures="0" timestamp="19 abr 2018 17:55:50 GMT" time="51.754" errors="0">
  <testcase name="testLogin" time="6.641" classname="tests.testHome"/>
  <testcase name="testCategorias" time="0.324" classname="tests.testHome"/>
  <testcase name="testAddCart" time="27.398" classname="tests.testHome"/>
  <testcase name="testLogOut" time="17.391" classname="tests.testHome"/>
</testsuite> <!-- tests.testHome -->
