<?xml version="1.0" encoding="UTF-8"?>
<!-- Generated by org.testng.reporters.JUnitReportReporter -->
<testsuite skipped="0" hostname="DESKTOP-QE6D7HJ" name="tests.ListaPresente_Test" tests="1" failures="0" timestamp="18 mai 2018 19:05:36 GMT" time="18.995" errors="0">
  <testcase name="listaPresenteTest" time="18.995" classname="tests.ListaPresente_Test"/>
</testsuite> <!-- tests.ListaPresente_Test -->
