<?xml version="1.0" encoding="UTF-8"?>
<!-- Generated by org.testng.reporters.JUnitReportReporter -->
<testsuite skipped="0" hostname="DESKTOP-QE6D7HJ" name="tests.testHome" tests="6" failures="0" timestamp="25 abr 2018 16:29:22 GMT" time="99.734" errors="0">
  <testcase name="testHomePage" time="0.352" classname="tests.testHome"/>
  <testcase name="testListaPresente" time="6.167" classname="tests.testHome"/>
  <testcase name="testNossasLojas" time="5.465" classname="tests.testHome"/>
  <testcase name="testLogin" time="12.887" classname="tests.testHome"/>
  <testcase name="testCarrinho" time="58.776" classname="tests.testHome"/>
  <testcase name="testLogOut" time="16.087" classname="tests.testHome"/>
</testsuite> <!-- tests.testHome -->
