<?xml version="1.0" encoding="UTF-8"?>
<!-- Generated by org.testng.reporters.JUnitReportReporter -->
<testsuite skipped="0" hostname="DESKTOP-QE6D7HJ" name="tests.testEtna" tests="6" failures="0" timestamp="30 abr 2018 19:27:54 GMT" time="77.400" errors="0">
  <testcase name="testHomePage" time="5.234" classname="tests.testEtna"/>
  <testcase name="testListaPresente" time="6.585" classname="tests.testEtna"/>
  <testcase name="testNossasLojas" time="6.097" classname="tests.testEtna"/>
  <testcase name="testLogin" time="14.036" classname="tests.testEtna"/>
  <testcase name="testCarrinho" time="28.441" classname="tests.testEtna"/>
  <testcase name="testLogOut" time="17.007" classname="tests.testEtna"/>
</testsuite> <!-- tests.testEtna -->
