<?xml version="1.0" encoding="UTF-8"?>
<!-- Generated by org.testng.reporters.JUnitReportReporter -->
<testsuite skipped="0" hostname="DESKTOP-QE6D7HJ" name="tests.testHome" tests="3" failures="0" timestamp="06 abr 2018 13:22:55 GMT" time="19.487" errors="0">
  <testcase name="testLogin" time="6.016" classname="tests.testHome"/>
  <testcase name="testCategorias" time="0.368" classname="tests.testHome"/>
  <testcase name="testAddCart" time="13.103" classname="tests.testHome"/>
</testsuite> <!-- tests.testHome -->
