<?xml version="1.0" encoding="UTF-8"?>
<!-- Generated by org.testng.reporters.JUnitReportReporter -->
<testsuite skipped="1" hostname="DESKTOP-QE6D7HJ" name="tests.CarrinhoTest" tests="1" failures="0" timestamp="15 mai 2018 17:38:20 GMT" time="0.000" errors="0">
  <testcase name="carrinhoTest" time="0.000" classname="tests.CarrinhoTest">
    <skipped/>
  </testcase> <!-- carrinhoTest -->
</testsuite> <!-- tests.CarrinhoTest -->
