<?xml version="1.0" encoding="UTF-8"?>
<!-- Generated by org.testng.reporters.JUnitReportReporter -->
<testsuite skipped="0" hostname="DESKTOP-QE6D7HJ" name="tests.NossasLojasTest" tests="1" failures="0" timestamp="15 mai 2018 14:32:44 GMT" time="6.972" errors="0">
  <testcase name="nossasLojasTest" time="6.972" classname="tests.NossasLojasTest"/>
</testsuite> <!-- tests.NossasLojasTest -->
