<?xml version="1.0" encoding="UTF-8"?>
<!-- Generated by org.testng.reporters.JUnitReportReporter -->
<testsuite skipped="0" hostname="DESKTOP-QE6D7HJ" name="tests.NossasLojas_Test" tests="1" failures="0" timestamp="18 mai 2018 18:52:42 GMT" time="7.758" errors="0">
  <testcase name="nossasLojasTest" time="7.758" classname="tests.NossasLojas_Test"/>
</testsuite> <!-- tests.NossasLojas_Test -->
