<?xml version="1.0" encoding="UTF-8"?>
<!-- Generated by org.testng.reporters.JUnitReportReporter -->
<testsuite skipped="0" hostname="DESKTOP-QE6D7HJ" name="tests.testHome" tests="3" failures="0" timestamp="05 abr 2018 13:08:15 GMT" time="39.483" errors="0">
  <testcase name="testLogin" time="33.147" classname="tests.testHome"/>
  <testcase name="testCategorias" time="0.359" classname="tests.testHome"/>
  <testcase name="testLogOut" time="5.977" classname="tests.testHome"/>
</testsuite> <!-- tests.testHome -->
