<?xml version="1.0" encoding="UTF-8"?>
<!-- Generated by org.testng.reporters.JUnitReportReporter -->
<testsuite skipped="0" hostname="DESKTOP-QE6D7HJ" name="tests.testHome" tests="5" failures="0" timestamp="23 abr 2018 14:22:20 GMT" time="49.803" errors="0">
  <testcase name="testLogin" time="6.344" classname="tests.testHome"/>
  <testcase name="testCategorias" time="0.315" classname="tests.testHome"/>
  <testcase name="testAddCart" time="19.444" classname="tests.testHome"/>
  <testcase name="testLogOut" time="15.730" classname="tests.testHome"/>
  <testcase name="testNossasLojas" time="7.970" classname="tests.testHome"/>
</testsuite> <!-- tests.testHome -->
