<?xml version="1.0" encoding="UTF-8"?>
<!-- Generated by org.testng.reporters.JUnitReportReporter -->
<testsuite skipped="0" hostname="DESKTOP-QE6D7HJ" name="tests.testHome" tests="4" failures="0" timestamp="16 abr 2018 18:32:07 GMT" time="38.844" errors="0">
  <testcase name="testLogin" time="9.666" classname="tests.testHome"/>
  <testcase name="testCategorias" time="0.324" classname="tests.testHome"/>
  <testcase name="testAddCart" time="24.800" classname="tests.testHome"/>
  <testcase name="testLogOut" time="4.054" classname="tests.testHome"/>
</testsuite> <!-- tests.testHome -->
